build-test	Typecheck (UI)	∩╗┐2025-12-24T18:08:28.4104521Z ##[debug]Evaluating condition for step: 'Typecheck (UI)'
build-test	Typecheck (UI)	2025-12-24T18:08:28.4107503Z ##[debug]Evaluating: success()
build-test	Typecheck (UI)	2025-12-24T18:08:28.4108069Z ##[debug]Evaluating success:
build-test	Typecheck (UI)	2025-12-24T18:08:28.4108728Z ##[debug]=> true
build-test	Typecheck (UI)	2025-12-24T18:08:28.4109259Z ##[debug]Result: true
build-test	Typecheck (UI)	2025-12-24T18:08:28.4110052Z ##[debug]Starting: Typecheck (UI)
build-test	Typecheck (UI)	2025-12-24T18:08:28.4121796Z ##[debug]Loading inputs
build-test	Typecheck (UI)	2025-12-24T18:08:28.4123206Z ##[debug]Loading env
build-test	Typecheck (UI)	2025-12-24T18:08:28.4126673Z ##[group]Run npx tsc -v && npx tsc --noEmit
build-test	Typecheck (UI)	2025-12-24T18:08:28.4126992Z [36;1mnpx tsc -v && npx tsc --noEmit[0m
build-test	Typecheck (UI)	2025-12-24T18:08:28.4145785Z shell: /usr/bin/bash -e {0}
build-test	Typecheck (UI)	2025-12-24T18:08:28.4146013Z env:
build-test	Typecheck (UI)	2025-12-24T18:08:28.4146280Z   CORE_API_BASE: https://rocketgpt-core-api.onrender.com
build-test	Typecheck (UI)	2025-12-24T18:08:28.4146622Z   NODE_OPTIONS: --max_old_space_size=4096
build-test	Typecheck (UI)	2025-12-24T18:08:28.4146874Z ##[endgroup]
build-test	Typecheck (UI)	2025-12-24T18:08:28.4166842Z ##[debug]/usr/bin/bash -e /home/runner/work/_temp/522f1467-634d-4631-8706-06cd0dcd9702.sh
build-test	Typecheck (UI)	2025-12-24T18:08:30.0124458Z Version 5.5.3
build-test	Typecheck (UI)	2025-12-24T18:08:36.3034177Z ##[debug]Dropping file value '/home/runner/work/rocketgpt/rocketgpt/app/api/orchestrator/auto-advance/route.ts'. Path does not exist
build-test	Typecheck (UI)	2025-12-24T18:08:36.3042515Z ##[error]app/api/orchestrator/auto-advance/route.ts(1,1): error TS1490: File appears to be binary.
build-test	Typecheck (UI)	2025-12-24T18:08:36.3052356Z ##[debug]Dropping file value '/home/runner/work/rocketgpt/rocketgpt/app/api/orchestrator/builder/execute-next/route.ts'. Path does not exist
build-test	Typecheck (UI)	2025-12-24T18:08:36.3054253Z ##[error]app/api/orchestrator/builder/execute-next/route.ts(1,1): error TS1490: File appears to be binary.
build-test	Typecheck (UI)	2025-12-24T18:08:36.3056785Z ##[debug]Dropping file value '/home/runner/work/rocketgpt/rocketgpt/app/api/orchestrator/builder/list/route.ts'. Path does not exist
build-test	Typecheck (UI)	2025-12-24T18:08:36.3058249Z ##[error]app/api/orchestrator/builder/list/route.ts(1,1): error TS1490: File appears to be binary.
build-test	Typecheck (UI)	2025-12-24T18:08:36.3060357Z ##[debug]Dropping file value '/home/runner/work/rocketgpt/rocketgpt/app/api/orchestrator/builder/route.ts'. Path does not exist
build-test	Typecheck (UI)	2025-12-24T18:08:36.3061933Z ##[error]app/api/orchestrator/builder/route.ts(1,1): error TS1490: File appears to be binary.
build-test	Typecheck (UI)	2025-12-24T18:08:36.3064107Z ##[debug]Dropping file value '/home/runner/work/rocketgpt/rocketgpt/app/api/orchestrator/release/route.ts'. Path does not exist
build-test	Typecheck (UI)	2025-12-24T18:08:36.3065513Z ##[error]app/api/orchestrator/release/route.ts(1,1): error TS1490: File appears to be binary.
build-test	Typecheck (UI)	2025-12-24T18:08:36.3067759Z ##[debug]Dropping file value '/home/runner/work/rocketgpt/rocketgpt/app/api/orchestrator/run/finalize/route.ts'. Path does not exist
build-test	Typecheck (UI)	2025-12-24T18:08:36.3069178Z ##[error]app/api/orchestrator/run/finalize/route.ts(1,1): error TS1490: File appears to be binary.
build-test	Typecheck (UI)	2025-12-24T18:08:36.3071124Z ##[debug]Dropping file value '/home/runner/work/rocketgpt/rocketgpt/app/api/orchestrator/run/route.ts'. Path does not exist
build-test	Typecheck (UI)	2025-12-24T18:08:36.3072634Z ##[error]app/api/orchestrator/run/route.ts(1,1): error TS1490: File appears to be binary.
build-test	Typecheck (UI)	2025-12-24T18:08:36.3074644Z ##[debug]Dropping file value '/home/runner/work/rocketgpt/rocketgpt/app/api/orchestrator/test-tester/route.ts'. Path does not exist
build-test	Typecheck (UI)	2025-12-24T18:08:36.3076125Z ##[error]app/api/orchestrator/test-tester/route.ts(1,1): error TS1490: File appears to be binary.
build-test	Typecheck (UI)	2025-12-24T18:08:36.3364411Z ##[error]Process completed with exit code 2.
build-test	Typecheck (UI)	2025-12-24T18:08:36.3369247Z ##[debug]Finishing: Typecheck (UI)
